CRITICAL - 2024-05-28 09:05:43 --> The action you requested is not allowed.
in SYSTEMPATH/Security/Security.php on line 298.
 1 SYSTEMPATH/Security/Security.php(298): CodeIgniter\Security\Exceptions\SecurityException::forDisallowedAction()
 2 SYSTEMPATH/Filters/CSRF.php(55): CodeIgniter\Security\Security->verify(Object(CodeIgniter\HTTP\IncomingRequest))
 3 SYSTEMPATH/Filters/Filters.php(182): CodeIgniter\Filters\CSRF->before(Object(CodeIgniter\HTTP\IncomingRequest), null)
 4 SYSTEMPATH/CodeIgniter.php(465): CodeIgniter\Filters\Filters->run('Ajax/runEmailQueue', 'before')
 5 SYSTEMPATH/CodeIgniter.php(352): CodeIgniter\CodeIgniter->handleRequest(null, Object(Config\Cache), false)
 6 FCPATH/index.php(95): CodeIgniter\CodeIgniter->run()
CRITICAL - 2024-05-28 09:05:43 --> The action you requested is not allowed.
in SYSTEMPATH/Security/Security.php on line 298.
 1 SYSTEMPATH/Security/Security.php(298): CodeIgniter\Security\Exceptions\SecurityException::forDisallowedAction()
 2 SYSTEMPATH/Filters/CSRF.php(55): CodeIgniter\Security\Security->verify(Object(CodeIgniter\HTTP\IncomingRequest))
 3 SYSTEMPATH/Filters/Filters.php(182): CodeIgniter\Filters\CSRF->before(Object(CodeIgniter\HTTP\IncomingRequest), null)
 4 SYSTEMPATH/CodeIgniter.php(465): CodeIgniter\Filters\Filters->run('Ajax/runEmailQueue', 'before')
 5 SYSTEMPATH/CodeIgniter.php(352): CodeIgniter\CodeIgniter->handleRequest(null, Object(Config\Cache), false)
 6 FCPATH/index.php(95): CodeIgniter\CodeIgniter->run()
CRITICAL - 2024-05-28 10:05:12 --> The action you requested is not allowed.
in SYSTEMPATH/Security/Security.php on line 298.
 1 SYSTEMPATH/Security/Security.php(298): CodeIgniter\Security\Exceptions\SecurityException::forDisallowedAction()
 2 SYSTEMPATH/Filters/CSRF.php(55): CodeIgniter\Security\Security->verify(Object(CodeIgniter\HTTP\IncomingRequest))
 3 SYSTEMPATH/Filters/Filters.php(182): CodeIgniter\Filters\CSRF->before(Object(CodeIgniter\HTTP\IncomingRequest), null)
 4 SYSTEMPATH/CodeIgniter.php(465): CodeIgniter\Filters\Filters->run('Ajax/runEmailQueue', 'before')
 5 SYSTEMPATH/CodeIgniter.php(352): CodeIgniter\CodeIgniter->handleRequest(null, Object(Config\Cache), false)
 6 FCPATH/index.php(95): CodeIgniter\CodeIgniter->run()
CRITICAL - 2024-05-28 10:14:40 --> The action you requested is not allowed.
in SYSTEMPATH/Security/Security.php on line 298.
 1 SYSTEMPATH/Security/Security.php(298): CodeIgniter\Security\Exceptions\SecurityException::forDisallowedAction()
 2 SYSTEMPATH/Filters/CSRF.php(55): CodeIgniter\Security\Security->verify(Object(CodeIgniter\HTTP\IncomingRequest))
 3 SYSTEMPATH/Filters/Filters.php(182): CodeIgniter\Filters\CSRF->before(Object(CodeIgniter\HTTP\IncomingRequest), null)
 4 SYSTEMPATH/CodeIgniter.php(465): CodeIgniter\Filters\Filters->run('Ajax/runEmailQueue', 'before')
 5 SYSTEMPATH/CodeIgniter.php(352): CodeIgniter\CodeIgniter->handleRequest(null, Object(Config\Cache), false)
 6 FCPATH/index.php(95): CodeIgniter\CodeIgniter->run()
CRITICAL - 2024-05-28 11:25:56 --> The action you requested is not allowed.
in SYSTEMPATH/Security/Security.php on line 298.
 1 SYSTEMPATH/Security/Security.php(298): CodeIgniter\Security\Exceptions\SecurityException::forDisallowedAction()
 2 SYSTEMPATH/Filters/CSRF.php(55): CodeIgniter\Security\Security->verify(Object(CodeIgniter\HTTP\IncomingRequest))
 3 SYSTEMPATH/Filters/Filters.php(182): CodeIgniter\Filters\CSRF->before(Object(CodeIgniter\HTTP\IncomingRequest), null)
 4 SYSTEMPATH/CodeIgniter.php(465): CodeIgniter\Filters\Filters->run('Ajax/runEmailQueue', 'before')
 5 SYSTEMPATH/CodeIgniter.php(352): CodeIgniter\CodeIgniter->handleRequest(null, Object(Config\Cache), false)
 6 FCPATH/index.php(95): CodeIgniter\CodeIgniter->run()
CRITICAL - 2024-05-28 11:27:25 --> The action you requested is not allowed.
in SYSTEMPATH/Security/Security.php on line 298.
 1 SYSTEMPATH/Security/Security.php(298): CodeIgniter\Security\Exceptions\SecurityException::forDisallowedAction()
 2 SYSTEMPATH/Filters/CSRF.php(55): CodeIgniter\Security\Security->verify(Object(CodeIgniter\HTTP\IncomingRequest))
 3 SYSTEMPATH/Filters/Filters.php(182): CodeIgniter\Filters\CSRF->before(Object(CodeIgniter\HTTP\IncomingRequest), null)
 4 SYSTEMPATH/CodeIgniter.php(465): CodeIgniter\Filters\Filters->run('Ajax/runEmailQueue', 'before')
 5 SYSTEMPATH/CodeIgniter.php(352): CodeIgniter\CodeIgniter->handleRequest(null, Object(Config\Cache), false)
 6 FCPATH/index.php(95): CodeIgniter\CodeIgniter->run()
CRITICAL - 2024-05-28 11:27:29 --> The action you requested is not allowed.
in SYSTEMPATH/Security/Security.php on line 298.
 1 SYSTEMPATH/Security/Security.php(298): CodeIgniter\Security\Exceptions\SecurityException::forDisallowedAction()
 2 SYSTEMPATH/Filters/CSRF.php(55): CodeIgniter\Security\Security->verify(Object(CodeIgniter\HTTP\IncomingRequest))
 3 SYSTEMPATH/Filters/Filters.php(182): CodeIgniter\Filters\CSRF->before(Object(CodeIgniter\HTTP\IncomingRequest), null)
 4 SYSTEMPATH/CodeIgniter.php(465): CodeIgniter\Filters\Filters->run('Ajax/runEmailQueue', 'before')
 5 SYSTEMPATH/CodeIgniter.php(352): CodeIgniter\CodeIgniter->handleRequest(null, Object(Config\Cache), false)
 6 FCPATH/index.php(95): CodeIgniter\CodeIgniter->run()
CRITICAL - 2024-05-28 11:27:30 --> The action you requested is not allowed.
in SYSTEMPATH/Security/Security.php on line 298.
 1 SYSTEMPATH/Security/Security.php(298): CodeIgniter\Security\Exceptions\SecurityException::forDisallowedAction()
 2 SYSTEMPATH/Filters/CSRF.php(55): CodeIgniter\Security\Security->verify(Object(CodeIgniter\HTTP\IncomingRequest))
 3 SYSTEMPATH/Filters/Filters.php(182): CodeIgniter\Filters\CSRF->before(Object(CodeIgniter\HTTP\IncomingRequest), null)
 4 SYSTEMPATH/CodeIgniter.php(465): CodeIgniter\Filters\Filters->run('Ajax/runEmailQueue', 'before')
 5 SYSTEMPATH/CodeIgniter.php(352): CodeIgniter\CodeIgniter->handleRequest(null, Object(Config\Cache), false)
 6 FCPATH/index.php(95): CodeIgniter\CodeIgniter->run()
CRITICAL - 2024-05-28 11:28:19 --> The action you requested is not allowed.
in SYSTEMPATH/Security/Security.php on line 298.
 1 SYSTEMPATH/Security/Security.php(298): CodeIgniter\Security\Exceptions\SecurityException::forDisallowedAction()
 2 SYSTEMPATH/Filters/CSRF.php(55): CodeIgniter\Security\Security->verify(Object(CodeIgniter\HTTP\IncomingRequest))
 3 SYSTEMPATH/Filters/Filters.php(182): CodeIgniter\Filters\CSRF->before(Object(CodeIgniter\HTTP\IncomingRequest), null)
 4 SYSTEMPATH/CodeIgniter.php(465): CodeIgniter\Filters\Filters->run('Ajax/runEmailQueue', 'before')
 5 SYSTEMPATH/CodeIgniter.php(352): CodeIgniter\CodeIgniter->handleRequest(null, Object(Config\Cache), false)
 6 FCPATH/index.php(95): CodeIgniter\CodeIgniter->run()
CRITICAL - 2024-05-28 11:30:50 --> The action you requested is not allowed.
in SYSTEMPATH/Security/Security.php on line 298.
 1 SYSTEMPATH/Security/Security.php(298): CodeIgniter\Security\Exceptions\SecurityException::forDisallowedAction()
 2 SYSTEMPATH/Filters/CSRF.php(55): CodeIgniter\Security\Security->verify(Object(CodeIgniter\HTTP\IncomingRequest))
 3 SYSTEMPATH/Filters/Filters.php(182): CodeIgniter\Filters\CSRF->before(Object(CodeIgniter\HTTP\IncomingRequest), null)
 4 SYSTEMPATH/CodeIgniter.php(465): CodeIgniter\Filters\Filters->run('Ajax/runEmailQueue', 'before')
 5 SYSTEMPATH/CodeIgniter.php(352): CodeIgniter\CodeIgniter->handleRequest(null, Object(Config\Cache), false)
 6 FCPATH/index.php(95): CodeIgniter\CodeIgniter->run()
CRITICAL - 2024-05-28 11:37:44 --> The action you requested is not allowed.
in SYSTEMPATH/Security/Security.php on line 298.
 1 SYSTEMPATH/Security/Security.php(298): CodeIgniter\Security\Exceptions\SecurityException::forDisallowedAction()
 2 SYSTEMPATH/Filters/CSRF.php(55): CodeIgniter\Security\Security->verify(Object(CodeIgniter\HTTP\IncomingRequest))
 3 SYSTEMPATH/Filters/Filters.php(182): CodeIgniter\Filters\CSRF->before(Object(CodeIgniter\HTTP\IncomingRequest), null)
 4 SYSTEMPATH/CodeIgniter.php(465): CodeIgniter\Filters\Filters->run('Ajax/runEmailQueue', 'before')
 5 SYSTEMPATH/CodeIgniter.php(352): CodeIgniter\CodeIgniter->handleRequest(null, Object(Config\Cache), false)
 6 FCPATH/index.php(95): CodeIgniter\CodeIgniter->run()
CRITICAL - 2024-05-28 11:38:46 --> The action you requested is not allowed.
in SYSTEMPATH/Security/Security.php on line 298.
 1 SYSTEMPATH/Security/Security.php(298): CodeIgniter\Security\Exceptions\SecurityException::forDisallowedAction()
 2 SYSTEMPATH/Filters/CSRF.php(55): CodeIgniter\Security\Security->verify(Object(CodeIgniter\HTTP\IncomingRequest))
 3 SYSTEMPATH/Filters/Filters.php(182): CodeIgniter\Filters\CSRF->before(Object(CodeIgniter\HTTP\IncomingRequest), null)
 4 SYSTEMPATH/CodeIgniter.php(465): CodeIgniter\Filters\Filters->run('Ajax/runEmailQueue', 'before')
 5 SYSTEMPATH/CodeIgniter.php(352): CodeIgniter\CodeIgniter->handleRequest(null, Object(Config\Cache), false)
 6 FCPATH/index.php(95): CodeIgniter\CodeIgniter->run()
CRITICAL - 2024-05-28 11:39:55 --> The action you requested is not allowed.
in SYSTEMPATH/Security/Security.php on line 298.
 1 SYSTEMPATH/Security/Security.php(298): CodeIgniter\Security\Exceptions\SecurityException::forDisallowedAction()
 2 SYSTEMPATH/Filters/CSRF.php(55): CodeIgniter\Security\Security->verify(Object(CodeIgniter\HTTP\IncomingRequest))
 3 SYSTEMPATH/Filters/Filters.php(182): CodeIgniter\Filters\CSRF->before(Object(CodeIgniter\HTTP\IncomingRequest), null)
 4 SYSTEMPATH/CodeIgniter.php(465): CodeIgniter\Filters\Filters->run('Ajax/runEmailQueue', 'before')
 5 SYSTEMPATH/CodeIgniter.php(352): CodeIgniter\CodeIgniter->handleRequest(null, Object(Config\Cache), false)
 6 FCPATH/index.php(95): CodeIgniter\CodeIgniter->run()
CRITICAL - 2024-05-28 11:42:56 --> The action you requested is not allowed.
in SYSTEMPATH/Security/Security.php on line 298.
 1 SYSTEMPATH/Security/Security.php(298): CodeIgniter\Security\Exceptions\SecurityException::forDisallowedAction()
 2 SYSTEMPATH/Filters/CSRF.php(55): CodeIgniter\Security\Security->verify(Object(CodeIgniter\HTTP\IncomingRequest))
 3 SYSTEMPATH/Filters/Filters.php(182): CodeIgniter\Filters\CSRF->before(Object(CodeIgniter\HTTP\IncomingRequest), null)
 4 SYSTEMPATH/CodeIgniter.php(465): CodeIgniter\Filters\Filters->run('Ajax/runEmailQueue', 'before')
 5 SYSTEMPATH/CodeIgniter.php(352): CodeIgniter\CodeIgniter->handleRequest(null, Object(Config\Cache), false)
 6 FCPATH/index.php(95): CodeIgniter\CodeIgniter->run()
CRITICAL - 2024-05-28 11:43:04 --> The action you requested is not allowed.
in SYSTEMPATH/Security/Security.php on line 298.
 1 SYSTEMPATH/Security/Security.php(298): CodeIgniter\Security\Exceptions\SecurityException::forDisallowedAction()
 2 SYSTEMPATH/Filters/CSRF.php(55): CodeIgniter\Security\Security->verify(Object(CodeIgniter\HTTP\IncomingRequest))
 3 SYSTEMPATH/Filters/Filters.php(182): CodeIgniter\Filters\CSRF->before(Object(CodeIgniter\HTTP\IncomingRequest), null)
 4 SYSTEMPATH/CodeIgniter.php(465): CodeIgniter\Filters\Filters->run('Ajax/runEmailQueue', 'before')
 5 SYSTEMPATH/CodeIgniter.php(352): CodeIgniter\CodeIgniter->handleRequest(null, Object(Config\Cache), false)
 6 FCPATH/index.php(95): CodeIgniter\CodeIgniter->run()
CRITICAL - 2024-05-28 11:47:32 --> The action you requested is not allowed.
in SYSTEMPATH/Security/Security.php on line 298.
 1 SYSTEMPATH/Security/Security.php(298): CodeIgniter\Security\Exceptions\SecurityException::forDisallowedAction()
 2 SYSTEMPATH/Filters/CSRF.php(55): CodeIgniter\Security\Security->verify(Object(CodeIgniter\HTTP\IncomingRequest))
 3 SYSTEMPATH/Filters/Filters.php(182): CodeIgniter\Filters\CSRF->before(Object(CodeIgniter\HTTP\IncomingRequest), null)
 4 SYSTEMPATH/CodeIgniter.php(465): CodeIgniter\Filters\Filters->run('Ajax/runEmailQueue', 'before')
 5 SYSTEMPATH/CodeIgniter.php(352): CodeIgniter\CodeIgniter->handleRequest(null, Object(Config\Cache), false)
 6 FCPATH/index.php(95): CodeIgniter\CodeIgniter->run()
CRITICAL - 2024-05-28 11:48:42 --> The action you requested is not allowed.
in SYSTEMPATH/Security/Security.php on line 298.
 1 SYSTEMPATH/Security/Security.php(298): CodeIgniter\Security\Exceptions\SecurityException::forDisallowedAction()
 2 SYSTEMPATH/Filters/CSRF.php(55): CodeIgniter\Security\Security->verify(Object(CodeIgniter\HTTP\IncomingRequest))
 3 SYSTEMPATH/Filters/Filters.php(182): CodeIgniter\Filters\CSRF->before(Object(CodeIgniter\HTTP\IncomingRequest), null)
 4 SYSTEMPATH/CodeIgniter.php(465): CodeIgniter\Filters\Filters->run('Ajax/runEmailQueue', 'before')
 5 SYSTEMPATH/CodeIgniter.php(352): CodeIgniter\CodeIgniter->handleRequest(null, Object(Config\Cache), false)
 6 FCPATH/index.php(95): CodeIgniter\CodeIgniter->run()
CRITICAL - 2024-05-28 11:49:06 --> The action you requested is not allowed.
in SYSTEMPATH/Security/Security.php on line 298.
 1 SYSTEMPATH/Security/Security.php(298): CodeIgniter\Security\Exceptions\SecurityException::forDisallowedAction()
 2 SYSTEMPATH/Filters/CSRF.php(55): CodeIgniter\Security\Security->verify(Object(CodeIgniter\HTTP\IncomingRequest))
 3 SYSTEMPATH/Filters/Filters.php(182): CodeIgniter\Filters\CSRF->before(Object(CodeIgniter\HTTP\IncomingRequest), null)
 4 SYSTEMPATH/CodeIgniter.php(465): CodeIgniter\Filters\Filters->run('Ajax/runEmailQueue', 'before')
 5 SYSTEMPATH/CodeIgniter.php(352): CodeIgniter\CodeIgniter->handleRequest(null, Object(Config\Cache), false)
 6 FCPATH/index.php(95): CodeIgniter\CodeIgniter->run()
CRITICAL - 2024-05-28 11:50:26 --> The action you requested is not allowed.
in SYSTEMPATH/Security/Security.php on line 298.
 1 SYSTEMPATH/Security/Security.php(298): CodeIgniter\Security\Exceptions\SecurityException::forDisallowedAction()
 2 SYSTEMPATH/Filters/CSRF.php(55): CodeIgniter\Security\Security->verify(Object(CodeIgniter\HTTP\IncomingRequest))
 3 SYSTEMPATH/Filters/Filters.php(182): CodeIgniter\Filters\CSRF->before(Object(CodeIgniter\HTTP\IncomingRequest), null)
 4 SYSTEMPATH/CodeIgniter.php(465): CodeIgniter\Filters\Filters->run('Ajax/runEmailQueue', 'before')
 5 SYSTEMPATH/CodeIgniter.php(352): CodeIgniter\CodeIgniter->handleRequest(null, Object(Config\Cache), false)
 6 FCPATH/index.php(95): CodeIgniter\CodeIgniter->run()
CRITICAL - 2024-05-28 11:50:45 --> The action you requested is not allowed.
in SYSTEMPATH/Security/Security.php on line 298.
 1 SYSTEMPATH/Security/Security.php(298): CodeIgniter\Security\Exceptions\SecurityException::forDisallowedAction()
 2 SYSTEMPATH/Filters/CSRF.php(55): CodeIgniter\Security\Security->verify(Object(CodeIgniter\HTTP\IncomingRequest))
 3 SYSTEMPATH/Filters/Filters.php(182): CodeIgniter\Filters\CSRF->before(Object(CodeIgniter\HTTP\IncomingRequest), null)
 4 SYSTEMPATH/CodeIgniter.php(465): CodeIgniter\Filters\Filters->run('Ajax/runEmailQueue', 'before')
 5 SYSTEMPATH/CodeIgniter.php(352): CodeIgniter\CodeIgniter->handleRequest(null, Object(Config\Cache), false)
 6 FCPATH/index.php(95): CodeIgniter\CodeIgniter->run()
CRITICAL - 2024-05-28 11:50:45 --> The action you requested is not allowed.
in SYSTEMPATH/Security/Security.php on line 298.
 1 SYSTEMPATH/Security/Security.php(298): CodeIgniter\Security\Exceptions\SecurityException::forDisallowedAction()
 2 SYSTEMPATH/Filters/CSRF.php(55): CodeIgniter\Security\Security->verify(Object(CodeIgniter\HTTP\IncomingRequest))
 3 SYSTEMPATH/Filters/Filters.php(182): CodeIgniter\Filters\CSRF->before(Object(CodeIgniter\HTTP\IncomingRequest), null)
 4 SYSTEMPATH/CodeIgniter.php(465): CodeIgniter\Filters\Filters->run('Ajax/runEmailQueue', 'before')
 5 SYSTEMPATH/CodeIgniter.php(352): CodeIgniter\CodeIgniter->handleRequest(null, Object(Config\Cache), false)
 6 FCPATH/index.php(95): CodeIgniter\CodeIgniter->run()
CRITICAL - 2024-05-28 11:51:52 --> The action you requested is not allowed.
in SYSTEMPATH/Security/Security.php on line 298.
 1 SYSTEMPATH/Security/Security.php(298): CodeIgniter\Security\Exceptions\SecurityException::forDisallowedAction()
 2 SYSTEMPATH/Filters/CSRF.php(55): CodeIgniter\Security\Security->verify(Object(CodeIgniter\HTTP\IncomingRequest))
 3 SYSTEMPATH/Filters/Filters.php(182): CodeIgniter\Filters\CSRF->before(Object(CodeIgniter\HTTP\IncomingRequest), null)
 4 SYSTEMPATH/CodeIgniter.php(465): CodeIgniter\Filters\Filters->run('Ajax/runEmailQueue', 'before')
 5 SYSTEMPATH/CodeIgniter.php(352): CodeIgniter\CodeIgniter->handleRequest(null, Object(Config\Cache), false)
 6 FCPATH/index.php(95): CodeIgniter\CodeIgniter->run()
CRITICAL - 2024-05-28 11:53:21 --> The action you requested is not allowed.
in SYSTEMPATH/Security/Security.php on line 298.
 1 SYSTEMPATH/Security/Security.php(298): CodeIgniter\Security\Exceptions\SecurityException::forDisallowedAction()
 2 SYSTEMPATH/Filters/CSRF.php(55): CodeIgniter\Security\Security->verify(Object(CodeIgniter\HTTP\IncomingRequest))
 3 SYSTEMPATH/Filters/Filters.php(182): CodeIgniter\Filters\CSRF->before(Object(CodeIgniter\HTTP\IncomingRequest), null)
 4 SYSTEMPATH/CodeIgniter.php(465): CodeIgniter\Filters\Filters->run('Ajax/runEmailQueue', 'before')
 5 SYSTEMPATH/CodeIgniter.php(352): CodeIgniter\CodeIgniter->handleRequest(null, Object(Config\Cache), false)
 6 FCPATH/index.php(95): CodeIgniter\CodeIgniter->run()
CRITICAL - 2024-05-28 11:53:57 --> The action you requested is not allowed.
in SYSTEMPATH/Security/Security.php on line 298.
 1 SYSTEMPATH/Security/Security.php(298): CodeIgniter\Security\Exceptions\SecurityException::forDisallowedAction()
 2 SYSTEMPATH/Filters/CSRF.php(55): CodeIgniter\Security\Security->verify(Object(CodeIgniter\HTTP\IncomingRequest))
 3 SYSTEMPATH/Filters/Filters.php(182): CodeIgniter\Filters\CSRF->before(Object(CodeIgniter\HTTP\IncomingRequest), null)
 4 SYSTEMPATH/CodeIgniter.php(465): CodeIgniter\Filters\Filters->run('Ajax/runEmailQueue', 'before')
 5 SYSTEMPATH/CodeIgniter.php(352): CodeIgniter\CodeIgniter->handleRequest(null, Object(Config\Cache), false)
 6 FCPATH/index.php(95): CodeIgniter\CodeIgniter->run()
CRITICAL - 2024-05-28 11:54:01 --> The action you requested is not allowed.
in SYSTEMPATH/Security/Security.php on line 298.
 1 SYSTEMPATH/Security/Security.php(298): CodeIgniter\Security\Exceptions\SecurityException::forDisallowedAction()
 2 SYSTEMPATH/Filters/CSRF.php(55): CodeIgniter\Security\Security->verify(Object(CodeIgniter\HTTP\IncomingRequest))
 3 SYSTEMPATH/Filters/Filters.php(182): CodeIgniter\Filters\CSRF->before(Object(CodeIgniter\HTTP\IncomingRequest), null)
 4 SYSTEMPATH/CodeIgniter.php(465): CodeIgniter\Filters\Filters->run('Ajax/runEmailQueue', 'before')
 5 SYSTEMPATH/CodeIgniter.php(352): CodeIgniter\CodeIgniter->handleRequest(null, Object(Config\Cache), false)
 6 FCPATH/index.php(95): CodeIgniter\CodeIgniter->run()
CRITICAL - 2024-05-28 11:55:20 --> The action you requested is not allowed.
in SYSTEMPATH/Security/Security.php on line 298.
 1 SYSTEMPATH/Security/Security.php(298): CodeIgniter\Security\Exceptions\SecurityException::forDisallowedAction()
 2 SYSTEMPATH/Filters/CSRF.php(55): CodeIgniter\Security\Security->verify(Object(CodeIgniter\HTTP\IncomingRequest))
 3 SYSTEMPATH/Filters/Filters.php(182): CodeIgniter\Filters\CSRF->before(Object(CodeIgniter\HTTP\IncomingRequest), null)
 4 SYSTEMPATH/CodeIgniter.php(465): CodeIgniter\Filters\Filters->run('Ajax/runEmailQueue', 'before')
 5 SYSTEMPATH/CodeIgniter.php(352): CodeIgniter\CodeIgniter->handleRequest(null, Object(Config\Cache), false)
 6 FCPATH/index.php(95): CodeIgniter\CodeIgniter->run()
CRITICAL - 2024-05-28 11:55:29 --> The action you requested is not allowed.
in SYSTEMPATH/Security/Security.php on line 298.
 1 SYSTEMPATH/Security/Security.php(298): CodeIgniter\Security\Exceptions\SecurityException::forDisallowedAction()
 2 SYSTEMPATH/Filters/CSRF.php(55): CodeIgniter\Security\Security->verify(Object(CodeIgniter\HTTP\IncomingRequest))
 3 SYSTEMPATH/Filters/Filters.php(182): CodeIgniter\Filters\CSRF->before(Object(CodeIgniter\HTTP\IncomingRequest), null)
 4 SYSTEMPATH/CodeIgniter.php(465): CodeIgniter\Filters\Filters->run('Ajax/runEmailQueue', 'before')
 5 SYSTEMPATH/CodeIgniter.php(352): CodeIgniter\CodeIgniter->handleRequest(null, Object(Config\Cache), false)
 6 FCPATH/index.php(95): CodeIgniter\CodeIgniter->run()
CRITICAL - 2024-05-28 11:57:46 --> The action you requested is not allowed.
in SYSTEMPATH/Security/Security.php on line 298.
 1 SYSTEMPATH/Security/Security.php(298): CodeIgniter\Security\Exceptions\SecurityException::forDisallowedAction()
 2 SYSTEMPATH/Filters/CSRF.php(55): CodeIgniter\Security\Security->verify(Object(CodeIgniter\HTTP\IncomingRequest))
 3 SYSTEMPATH/Filters/Filters.php(182): CodeIgniter\Filters\CSRF->before(Object(CodeIgniter\HTTP\IncomingRequest), null)
 4 SYSTEMPATH/CodeIgniter.php(465): CodeIgniter\Filters\Filters->run('Ajax/runEmailQueue', 'before')
 5 SYSTEMPATH/CodeIgniter.php(352): CodeIgniter\CodeIgniter->handleRequest(null, Object(Config\Cache), false)
 6 FCPATH/index.php(95): CodeIgniter\CodeIgniter->run()
CRITICAL - 2024-05-28 11:58:03 --> The action you requested is not allowed.
in SYSTEMPATH/Security/Security.php on line 298.
 1 SYSTEMPATH/Security/Security.php(298): CodeIgniter\Security\Exceptions\SecurityException::forDisallowedAction()
 2 SYSTEMPATH/Filters/CSRF.php(55): CodeIgniter\Security\Security->verify(Object(CodeIgniter\HTTP\IncomingRequest))
 3 SYSTEMPATH/Filters/Filters.php(182): CodeIgniter\Filters\CSRF->before(Object(CodeIgniter\HTTP\IncomingRequest), null)
 4 SYSTEMPATH/CodeIgniter.php(465): CodeIgniter\Filters\Filters->run('Ajax/runEmailQueue', 'before')
 5 SYSTEMPATH/CodeIgniter.php(352): CodeIgniter\CodeIgniter->handleRequest(null, Object(Config\Cache), false)
 6 FCPATH/index.php(95): CodeIgniter\CodeIgniter->run()
CRITICAL - 2024-05-28 12:01:35 --> The action you requested is not allowed.
in SYSTEMPATH/Security/Security.php on line 298.
 1 SYSTEMPATH/Security/Security.php(298): CodeIgniter\Security\Exceptions\SecurityException::forDisallowedAction()
 2 SYSTEMPATH/Filters/CSRF.php(55): CodeIgniter\Security\Security->verify(Object(CodeIgniter\HTTP\IncomingRequest))
 3 SYSTEMPATH/Filters/Filters.php(182): CodeIgniter\Filters\CSRF->before(Object(CodeIgniter\HTTP\IncomingRequest), null)
 4 SYSTEMPATH/CodeIgniter.php(465): CodeIgniter\Filters\Filters->run('Ajax/runEmailQueue', 'before')
 5 SYSTEMPATH/CodeIgniter.php(352): CodeIgniter\CodeIgniter->handleRequest(null, Object(Config\Cache), false)
 6 FCPATH/index.php(95): CodeIgniter\CodeIgniter->run()
CRITICAL - 2024-05-28 12:30:54 --> The action you requested is not allowed.
in SYSTEMPATH/Security/Security.php on line 298.
 1 SYSTEMPATH/Security/Security.php(298): CodeIgniter\Security\Exceptions\SecurityException::forDisallowedAction()
 2 SYSTEMPATH/Filters/CSRF.php(55): CodeIgniter\Security\Security->verify(Object(CodeIgniter\HTTP\IncomingRequest))
 3 SYSTEMPATH/Filters/Filters.php(182): CodeIgniter\Filters\CSRF->before(Object(CodeIgniter\HTTP\IncomingRequest), null)
 4 SYSTEMPATH/CodeIgniter.php(465): CodeIgniter\Filters\Filters->run('Ajax/runEmailQueue', 'before')
 5 SYSTEMPATH/CodeIgniter.php(352): CodeIgniter\CodeIgniter->handleRequest(null, Object(Config\Cache), false)
 6 FCPATH/index.php(95): CodeIgniter\CodeIgniter->run()
CRITICAL - 2024-05-28 12:33:30 --> The action you requested is not allowed.
in SYSTEMPATH/Security/Security.php on line 298.
 1 SYSTEMPATH/Security/Security.php(298): CodeIgniter\Security\Exceptions\SecurityException::forDisallowedAction()
 2 SYSTEMPATH/Filters/CSRF.php(55): CodeIgniter\Security\Security->verify(Object(CodeIgniter\HTTP\IncomingRequest))
 3 SYSTEMPATH/Filters/Filters.php(182): CodeIgniter\Filters\CSRF->before(Object(CodeIgniter\HTTP\IncomingRequest), null)
 4 SYSTEMPATH/CodeIgniter.php(465): CodeIgniter\Filters\Filters->run('Ajax/runEmailQueue', 'before')
 5 SYSTEMPATH/CodeIgniter.php(352): CodeIgniter\CodeIgniter->handleRequest(null, Object(Config\Cache), false)
 6 FCPATH/index.php(95): CodeIgniter\CodeIgniter->run()
CRITICAL - 2024-05-28 12:47:40 --> The action you requested is not allowed.
in SYSTEMPATH/Security/Security.php on line 298.
 1 SYSTEMPATH/Security/Security.php(298): CodeIgniter\Security\Exceptions\SecurityException::forDisallowedAction()
 2 SYSTEMPATH/Filters/CSRF.php(55): CodeIgniter\Security\Security->verify(Object(CodeIgniter\HTTP\IncomingRequest))
 3 SYSTEMPATH/Filters/Filters.php(182): CodeIgniter\Filters\CSRF->before(Object(CodeIgniter\HTTP\IncomingRequest), null)
 4 SYSTEMPATH/CodeIgniter.php(465): CodeIgniter\Filters\Filters->run('Ajax/runEmailQueue', 'before')
 5 SYSTEMPATH/CodeIgniter.php(352): CodeIgniter\CodeIgniter->handleRequest(null, Object(Config\Cache), false)
 6 FCPATH/index.php(95): CodeIgniter\CodeIgniter->run()
CRITICAL - 2024-05-28 14:08:49 --> The action you requested is not allowed.
in SYSTEMPATH/Security/Security.php on line 298.
 1 SYSTEMPATH/Security/Security.php(298): CodeIgniter\Security\Exceptions\SecurityException::forDisallowedAction()
 2 SYSTEMPATH/Filters/CSRF.php(55): CodeIgniter\Security\Security->verify(Object(CodeIgniter\HTTP\IncomingRequest))
 3 SYSTEMPATH/Filters/Filters.php(182): CodeIgniter\Filters\CSRF->before(Object(CodeIgniter\HTTP\IncomingRequest), null)
 4 SYSTEMPATH/CodeIgniter.php(465): CodeIgniter\Filters\Filters->run('Ajax/runEmailQueue', 'before')
 5 SYSTEMPATH/CodeIgniter.php(352): CodeIgniter\CodeIgniter->handleRequest(null, Object(Config\Cache), false)
 6 FCPATH/index.php(95): CodeIgniter\CodeIgniter->run()
CRITICAL - 2024-05-28 14:09:31 --> The action you requested is not allowed.
in SYSTEMPATH/Security/Security.php on line 298.
 1 SYSTEMPATH/Security/Security.php(298): CodeIgniter\Security\Exceptions\SecurityException::forDisallowedAction()
 2 SYSTEMPATH/Filters/CSRF.php(55): CodeIgniter\Security\Security->verify(Object(CodeIgniter\HTTP\IncomingRequest))
 3 SYSTEMPATH/Filters/Filters.php(182): CodeIgniter\Filters\CSRF->before(Object(CodeIgniter\HTTP\IncomingRequest), null)
 4 SYSTEMPATH/CodeIgniter.php(465): CodeIgniter\Filters\Filters->run('Ajax/runEmailQueue', 'before')
 5 SYSTEMPATH/CodeIgniter.php(352): CodeIgniter\CodeIgniter->handleRequest(null, Object(Config\Cache), false)
 6 FCPATH/index.php(95): CodeIgniter\CodeIgniter->run()
CRITICAL - 2024-05-28 14:11:10 --> The action you requested is not allowed.
in SYSTEMPATH/Security/Security.php on line 298.
 1 SYSTEMPATH/Security/Security.php(298): CodeIgniter\Security\Exceptions\SecurityException::forDisallowedAction()
 2 SYSTEMPATH/Filters/CSRF.php(55): CodeIgniter\Security\Security->verify(Object(CodeIgniter\HTTP\IncomingRequest))
 3 SYSTEMPATH/Filters/Filters.php(182): CodeIgniter\Filters\CSRF->before(Object(CodeIgniter\HTTP\IncomingRequest), null)
 4 SYSTEMPATH/CodeIgniter.php(465): CodeIgniter\Filters\Filters->run('Ajax/runEmailQueue', 'before')
 5 SYSTEMPATH/CodeIgniter.php(352): CodeIgniter\CodeIgniter->handleRequest(null, Object(Config\Cache), false)
 6 FCPATH/index.php(95): CodeIgniter\CodeIgniter->run()
CRITICAL - 2024-05-28 14:32:50 --> The action you requested is not allowed.
in SYSTEMPATH/Security/Security.php on line 298.
 1 SYSTEMPATH/Security/Security.php(298): CodeIgniter\Security\Exceptions\SecurityException::forDisallowedAction()
 2 SYSTEMPATH/Filters/CSRF.php(55): CodeIgniter\Security\Security->verify(Object(CodeIgniter\HTTP\IncomingRequest))
 3 SYSTEMPATH/Filters/Filters.php(182): CodeIgniter\Filters\CSRF->before(Object(CodeIgniter\HTTP\IncomingRequest), null)
 4 SYSTEMPATH/CodeIgniter.php(465): CodeIgniter\Filters\Filters->run('Ajax/runEmailQueue', 'before')
 5 SYSTEMPATH/CodeIgniter.php(352): CodeIgniter\CodeIgniter->handleRequest(null, Object(Config\Cache), false)
 6 FCPATH/index.php(95): CodeIgniter\CodeIgniter->run()
CRITICAL - 2024-05-28 14:34:55 --> The action you requested is not allowed.
in SYSTEMPATH/Security/Security.php on line 298.
 1 SYSTEMPATH/Security/Security.php(298): CodeIgniter\Security\Exceptions\SecurityException::forDisallowedAction()
 2 SYSTEMPATH/Filters/CSRF.php(55): CodeIgniter\Security\Security->verify(Object(CodeIgniter\HTTP\IncomingRequest))
 3 SYSTEMPATH/Filters/Filters.php(182): CodeIgniter\Filters\CSRF->before(Object(CodeIgniter\HTTP\IncomingRequest), null)
 4 SYSTEMPATH/CodeIgniter.php(465): CodeIgniter\Filters\Filters->run('Ajax/runEmailQueue', 'before')
 5 SYSTEMPATH/CodeIgniter.php(352): CodeIgniter\CodeIgniter->handleRequest(null, Object(Config\Cache), false)
 6 FCPATH/index.php(95): CodeIgniter\CodeIgniter->run()
CRITICAL - 2024-05-28 14:45:22 --> The action you requested is not allowed.
in SYSTEMPATH/Security/Security.php on line 298.
 1 SYSTEMPATH/Security/Security.php(298): CodeIgniter\Security\Exceptions\SecurityException::forDisallowedAction()
 2 SYSTEMPATH/Filters/CSRF.php(55): CodeIgniter\Security\Security->verify(Object(CodeIgniter\HTTP\IncomingRequest))
 3 SYSTEMPATH/Filters/Filters.php(182): CodeIgniter\Filters\CSRF->before(Object(CodeIgniter\HTTP\IncomingRequest), null)
 4 SYSTEMPATH/CodeIgniter.php(465): CodeIgniter\Filters\Filters->run('Ajax/runEmailQueue', 'before')
 5 SYSTEMPATH/CodeIgniter.php(352): CodeIgniter\CodeIgniter->handleRequest(null, Object(Config\Cache), false)
 6 FCPATH/index.php(95): CodeIgniter\CodeIgniter->run()
CRITICAL - 2024-05-28 15:36:59 --> The action you requested is not allowed.
in SYSTEMPATH/Security/Security.php on line 298.
 1 SYSTEMPATH/Security/Security.php(298): CodeIgniter\Security\Exceptions\SecurityException::forDisallowedAction()
 2 SYSTEMPATH/Filters/CSRF.php(55): CodeIgniter\Security\Security->verify(Object(CodeIgniter\HTTP\IncomingRequest))
 3 SYSTEMPATH/Filters/Filters.php(182): CodeIgniter\Filters\CSRF->before(Object(CodeIgniter\HTTP\IncomingRequest), null)
 4 SYSTEMPATH/CodeIgniter.php(465): CodeIgniter\Filters\Filters->run('Ajax/runEmailQueue', 'before')
 5 SYSTEMPATH/CodeIgniter.php(352): CodeIgniter\CodeIgniter->handleRequest(null, Object(Config\Cache), false)
 6 FCPATH/index.php(95): CodeIgniter\CodeIgniter->run()
CRITICAL - 2024-05-28 15:43:23 --> The action you requested is not allowed.
in SYSTEMPATH/Security/Security.php on line 298.
 1 SYSTEMPATH/Security/Security.php(298): CodeIgniter\Security\Exceptions\SecurityException::forDisallowedAction()
 2 SYSTEMPATH/Filters/CSRF.php(55): CodeIgniter\Security\Security->verify(Object(CodeIgniter\HTTP\IncomingRequest))
 3 SYSTEMPATH/Filters/Filters.php(182): CodeIgniter\Filters\CSRF->before(Object(CodeIgniter\HTTP\IncomingRequest), null)
 4 SYSTEMPATH/CodeIgniter.php(465): CodeIgniter\Filters\Filters->run('Ajax/runEmailQueue', 'before')
 5 SYSTEMPATH/CodeIgniter.php(352): CodeIgniter\CodeIgniter->handleRequest(null, Object(Config\Cache), false)
 6 FCPATH/index.php(95): CodeIgniter\CodeIgniter->run()
CRITICAL - 2024-05-28 15:54:21 --> The action you requested is not allowed.
in SYSTEMPATH/Security/Security.php on line 298.
 1 SYSTEMPATH/Security/Security.php(298): CodeIgniter\Security\Exceptions\SecurityException::forDisallowedAction()
 2 SYSTEMPATH/Filters/CSRF.php(55): CodeIgniter\Security\Security->verify(Object(CodeIgniter\HTTP\IncomingRequest))
 3 SYSTEMPATH/Filters/Filters.php(182): CodeIgniter\Filters\CSRF->before(Object(CodeIgniter\HTTP\IncomingRequest), null)
 4 SYSTEMPATH/CodeIgniter.php(465): CodeIgniter\Filters\Filters->run('Ajax/runEmailQueue', 'before')
 5 SYSTEMPATH/CodeIgniter.php(352): CodeIgniter\CodeIgniter->handleRequest(null, Object(Config\Cache), false)
 6 FCPATH/index.php(95): CodeIgniter\CodeIgniter->run()
CRITICAL - 2024-05-28 16:04:21 --> The action you requested is not allowed.
in SYSTEMPATH/Security/Security.php on line 298.
 1 SYSTEMPATH/Security/Security.php(298): CodeIgniter\Security\Exceptions\SecurityException::forDisallowedAction()
 2 SYSTEMPATH/Filters/CSRF.php(55): CodeIgniter\Security\Security->verify(Object(CodeIgniter\HTTP\IncomingRequest))
 3 SYSTEMPATH/Filters/Filters.php(182): CodeIgniter\Filters\CSRF->before(Object(CodeIgniter\HTTP\IncomingRequest), null)
 4 SYSTEMPATH/CodeIgniter.php(465): CodeIgniter\Filters\Filters->run('Ajax/runEmailQueue', 'before')
 5 SYSTEMPATH/CodeIgniter.php(352): CodeIgniter\CodeIgniter->handleRequest(null, Object(Config\Cache), false)
 6 FCPATH/index.php(95): CodeIgniter\CodeIgniter->run()
CRITICAL - 2024-05-28 22:05:05 --> The action you requested is not allowed.
in SYSTEMPATH/Security/Security.php on line 298.
 1 SYSTEMPATH/Security/Security.php(298): CodeIgniter\Security\Exceptions\SecurityException::forDisallowedAction()
 2 SYSTEMPATH/Filters/CSRF.php(55): CodeIgniter\Security\Security->verify(Object(CodeIgniter\HTTP\IncomingRequest))
 3 SYSTEMPATH/Filters/Filters.php(182): CodeIgniter\Filters\CSRF->before(Object(CodeIgniter\HTTP\IncomingRequest), null)
 4 SYSTEMPATH/CodeIgniter.php(465): CodeIgniter\Filters\Filters->run('Ajax/runEmailQueue', 'before')
 5 SYSTEMPATH/CodeIgniter.php(352): CodeIgniter\CodeIgniter->handleRequest(null, Object(Config\Cache), false)
 6 FCPATH/index.php(95): CodeIgniter\CodeIgniter->run()
CRITICAL - 2024-05-28 23:36:25 --> The action you requested is not allowed.
in SYSTEMPATH/Security/Security.php on line 298.
 1 SYSTEMPATH/Security/Security.php(298): CodeIgniter\Security\Exceptions\SecurityException::forDisallowedAction()
 2 SYSTEMPATH/Filters/CSRF.php(55): CodeIgniter\Security\Security->verify(Object(CodeIgniter\HTTP\IncomingRequest))
 3 SYSTEMPATH/Filters/Filters.php(182): CodeIgniter\Filters\CSRF->before(Object(CodeIgniter\HTTP\IncomingRequest), null)
 4 SYSTEMPATH/CodeIgniter.php(465): CodeIgniter\Filters\Filters->run('Ajax/runEmailQueue', 'before')
 5 SYSTEMPATH/CodeIgniter.php(352): CodeIgniter\CodeIgniter->handleRequest(null, Object(Config\Cache), false)
 6 FCPATH/index.php(95): CodeIgniter\CodeIgniter->run()
